<?xml version="1.0" encoding="UTF-8"?>
<!-- Generated by org.testng.reporters.JUnitXMLReporter -->
<testsuite hostname="L5100101507" name="Default test" tests="7" failures="0" timestamp="7 Dec 2016 14:59:14 GMT" time="46.616" errors="0">
  <testcase name="loginWithInvalidCredentials" time="0.737" classname="com.nessq.pega.login.LoginTest9"/>
  <testcase name="loginWithInvalidCredentials" time="0.555" classname="com.nessq.pega.login.LoginTest9"/>
  <testcase name="loginWithValidCredentials" time="5.147" classname="com.nessq.pega.login.LoginTest9"/>
  <testcase name="loginWithValidCredentials" time="4.902" classname="com.nessq.pega.login.LoginTest9"/>
  <testcase name="loginWithValidCredentials" time="4.22" classname="com.nessq.pega.login.LoginTest9"/>
  <testcase name="loginWithValidCredentials" time="4.118" classname="com.nessq.pega.login.LoginTest9"/>
  <testcase name="loginWithValidCredentials" time="4.165" classname="com.nessq.pega.login.LoginTest9"/>
</testsuite> <!-- Default test -->
